<?xml version="1.0" encoding="UTF-8"?>
<testsuite name="OrderTest" tests="7" skipped="0" failures="0" errors="0" timestamp="2017-03-30T14:17:15" hostname="Alexs-MacBook.local" time="0.365">
  <properties/>
  <testcase name="addItem_works" classname="OrderTest" time="0.188"/>
  <testcase name="check_if_all_works" classname="OrderTest" time="0.081"/>
  <testcase name="test_getters" classname="OrderTest" time="0.01"/>
  <testcase name="returnItems_work" classname="OrderTest" time="0.013"/>
  <testcase name="check_if_find_works" classname="OrderTest" time="0.032"/>
  <testcase name="check_if_save_works" classname="OrderTest" time="0.03"/>
  <testcase name="Order_instantiates_correctly" classname="OrderTest" time="0.008"/>
  <system-out><![CDATA[]]></system-out>
  <system-err><![CDATA[]]></system-err>
</testsuite>
