<?xml version="1.0" encoding="UTF-8"?>
<testsuite name="OrderTest" tests="1" skipped="0" failures="0" errors="0" timestamp="2017-03-30T04:05:11" hostname="Alexs-MacBook.local" time="0.002">
  <properties/>
  <testcase name="Order_instantiates_correctly" classname="OrderTest" time="0.002"/>
  <system-out><![CDATA[]]></system-out>
  <system-err><![CDATA[]]></system-err>
</testsuite>
