<?xml version="1.0" encoding="UTF-8"?>
<testsuite name="UserTest" tests="1" skipped="0" failures="0" errors="0" timestamp="2017-03-29T20:52:22" hostname="Epicodus-7B.local" time="0.122">
  <properties/>
  <testcase name="getId_tasksInstantiateWithAnID" classname="UserTest" time="0.122"/>
  <system-out><![CDATA[]]></system-out>
  <system-err><![CDATA[]]></system-err>
</testsuite>
