<?xml version="1.0" encoding="UTF-8"?>
<testsuite name="OrderTest" tests="7" skipped="0" failures="0" errors="0" timestamp="2017-03-30T14:46:31" hostname="Alexs-MacBook.local" time="0.356">
  <properties/>
  <testcase name="addItem_works" classname="OrderTest" time="0.166"/>
  <testcase name="check_if_all_works" classname="OrderTest" time="0.087"/>
  <testcase name="test_getters" classname="OrderTest" time="0.014"/>
  <testcase name="returnItems_work" classname="OrderTest" time="0.014"/>
  <testcase name="check_if_find_works" classname="OrderTest" time="0.031"/>
  <testcase name="check_if_save_works" classname="OrderTest" time="0.031"/>
  <testcase name="Order_instantiates_correctly" classname="OrderTest" time="0.009"/>
  <system-out><![CDATA[]]></system-out>
  <system-err><![CDATA[]]></system-err>
</testsuite>
